<?xml version="1.0" encoding="UTF-8"?>
<coverage generated="1701377147128" clover="3.2.0">
  <project timestamp="1701377147129" name="All files">
    <metrics statements="12" coveredstatements="6" conditionals="0" coveredconditionals="0" methods="5" coveredmethods="2" elements="17" coveredelements="8" complexity="0" loc="12" ncloc="12" packages="1" files="2" classes="2"/>
    <file name="Contact.js" path="C:\Users\Rashmi\Documents\React\src\components\Contact.js">
      <metrics statements="10" coveredstatements="4" conditionals="0" coveredconditionals="0" methods="4" coveredmethods="1"/>
      <line num="4" count="1" type="stmt"/>
      <line num="5" count="3" type="stmt"/>
      <line num="6" count="3" type="stmt"/>
      <line num="7" count="0" type="stmt"/>
      <line num="9" count="0" type="stmt"/>
      <line num="18" count="0" type="stmt"/>
      <line num="19" count="0" type="stmt"/>
      <line num="20" count="0" type="stmt"/>
      <line num="23" count="0" type="stmt"/>
      <line num="27" count="3" type="stmt"/>
    </file>
    <file name="sum.js" path="C:\Users\Rashmi\Documents\React\src\components\sum.js">
      <metrics statements="2" coveredstatements="2" conditionals="0" coveredconditionals="0" methods="1" coveredmethods="1"/>
      <line num="1" count="1" type="stmt"/>
      <line num="2" count="1" type="stmt"/>
    </file>
  </project>
</coverage>
