{"C:\\Users\\Rashmi\\Documents\\React\\file-mock.js": {"path":"C:\\Users\\Rashmi\\Documents\\React\\file-mock.js","statementMap":{"0":{"start":{"line":1,"column":0},"end":{"line":1,"column":29}}},"fnMap":{},"branchMap":{},"s":{"0":2},"f":{},"b":{},"_coverageSchema":"1a1c01bbd47fc00a2c39e90264f33305004495a9","hash":"51b619def10af3fb77ea61a03965222f5336383f"}
,"C:\\Users\\Rashmi\\Documents\\React\\mocks\\resCardMocks.js": {"path":"C:\\Users\\Rashmi\\Documents\\React\\mocks\\resCardMocks.js","statementMap":{"0":{"start":{"line":1,"column":25},"end":{"line":76,"column":1}}},"fnMap":{},"branchMap":{},"s":{"0":1},"f":{},"b":{},"_coverageSchema":"1a1c01bbd47fc00a2c39e90264f33305004495a9","hash":"b046e8578309ee5b9713b230e493a644a11dc35a"}
,"C:\\Users\\Rashmi\\Documents\\React\\src\\components\\Body.js": {"path":"C:\\Users\\Rashmi\\Documents\\React\\src\\components\\Body.js","statementMap":{"0":{"start":{"line":11,"column":13},"end":{"line":132,"column":1}},"1":{"start":{"line":15,"column":50},"end":{"line":15,"column":62}},"2":{"start":{"line":16,"column":54},"end":{"line":16,"column":66}},"3":{"start":{"line":17,"column":38},"end":{"line":17,"column":50}},"4":{"start":{"line":19,"column":28},"end":{"line":19,"column":56}},"5":{"start":{"line":21,"column":2},"end":{"line":23,"column":9}},"6":{"start":{"line":22,"column":4},"end":{"line":22,"column":16}},"7":{"start":{"line":25,"column":20},"end":{"line":42,"column":3}},"8":{"start":{"line":26,"column":17},"end":{"line":28,"column":5}},"9":{"start":{"line":30,"column":29},"end":{"line":30,"column":46}},"10":{"start":{"line":32,"column":4},"end":{"line":36,"column":6}},"11":{"start":{"line":37,"column":4},"end":{"line":41,"column":6}},"12":{"start":{"line":48,"column":3},"end":{"line":48,"column":33}},"13":{"start":{"line":51,"column":40},"end":{"line":51,"column":63}},"14":{"start":{"line":53,"column":2},"end":{"line":131,"column":4}},"15":{"start":{"line":66,"column":14},"end":{"line":66,"column":47}},"16":{"start":{"line":75,"column":41},"end":{"line":77,"column":15}},"17":{"start":{"line":76,"column":16},"end":{"line":76,"column":51}},"18":{"start":{"line":79,"column":14},"end":{"line":79,"column":56}},"19":{"start":{"line":89,"column":33},"end":{"line":91,"column":15}},"20":{"start":{"line":90,"column":25},"end":{"line":90,"column":49}},"21":{"start":{"line":92,"column":14},"end":{"line":92,"column":50}},"22":{"start":{"line":105,"column":34},"end":{"line":105,"column":64}},"23":{"start":{"line":113,"column":10},"end":{"line":127,"column":17}}},"fnMap":{"0":{"name":"(anonymous_0)","decl":{"start":{"line":11,"column":13},"end":{"line":11,"column":14}},"loc":{"start":{"line":11,"column":19},"end":{"line":132,"column":1}},"line":11},"1":{"name":"(anonymous_1)","decl":{"start":{"line":21,"column":12},"end":{"line":21,"column":13}},"loc":{"start":{"line":21,"column":18},"end":{"line":23,"column":3}},"line":21},"2":{"name":"(anonymous_2)","decl":{"start":{"line":25,"column":20},"end":{"line":25,"column":21}},"loc":{"start":{"line":25,"column":32},"end":{"line":42,"column":3}},"line":25},"3":{"name":"(anonymous_3)","decl":{"start":{"line":65,"column":22},"end":{"line":65,"column":23}},"loc":{"start":{"line":65,"column":32},"end":{"line":67,"column":13}},"line":65},"4":{"name":"(anonymous_4)","decl":{"start":{"line":71,"column":21},"end":{"line":71,"column":22}},"loc":{"start":{"line":71,"column":27},"end":{"line":80,"column":13}},"line":71},"5":{"name":"(anonymous_5)","decl":{"start":{"line":75,"column":66},"end":{"line":75,"column":67}},"loc":{"start":{"line":76,"column":16},"end":{"line":76,"column":51}},"line":76},"6":{"name":"(anonymous_6)","decl":{"start":{"line":88,"column":21},"end":{"line":88,"column":22}},"loc":{"start":{"line":88,"column":27},"end":{"line":94,"column":13}},"line":88},"7":{"name":"(anonymous_7)","decl":{"start":{"line":90,"column":16},"end":{"line":90,"column":17}},"loc":{"start":{"line":90,"column":25},"end":{"line":90,"column":49}},"line":90},"8":{"name":"(anonymous_8)","decl":{"start":{"line":105,"column":24},"end":{"line":105,"column":25}},"loc":{"start":{"line":105,"column":34},"end":{"line":105,"column":64}},"line":105},"9":{"name":"(anonymous_9)","decl":{"start":{"line":112,"column":32},"end":{"line":112,"column":33}},"loc":{"start":{"line":113,"column":10},"end":{"line":127,"column":17}},"line":113}},"branchMap":{"0":{"loc":{"start":{"line":53,"column":9},"end":{"line":131,"column":3}},"type":"cond-expr","locations":[{"start":{"line":54,"column":4},"end":{"line":54,"column":15}},{"start":{"line":56,"column":4},"end":{"line":130,"column":10}}],"line":53},"1":{"loc":{"start":{"line":121,"column":14},"end":{"line":125,"column":15}},"type":"cond-expr","locations":[{"start":{"line":122,"column":16},"end":{"line":122,"column":61}},{"start":{"line":124,"column":16},"end":{"line":124,"column":57}}],"line":121}},"s":{"0":1,"1":11,"2":10,"3":10,"4":10,"5":10,"6":2,"7":10,"8":2,"9":2,"10":2,"11":2,"12":10,"13":10,"14":10,"15":0,"16":0,"17":0,"18":0,"19":0,"20":0,"21":0,"22":0,"23":0},"f":{"0":11,"1":2,"2":2,"3":0,"4":0,"5":0,"6":0,"7":0,"8":0,"9":0},"b":{"0":[2,0],"1":[0,0]},"_coverageSchema":"1a1c01bbd47fc00a2c39e90264f33305004495a9","hash":"6ff19b290264694e141caa89f90f5239f906cce4"}
,"C:\\Users\\Rashmi\\Documents\\React\\src\\components\\Cart.js": {"path":"C:\\Users\\Rashmi\\Documents\\React\\src\\components\\Cart.js","statementMap":{"0":{"start":{"line":7,"column":13},"end":{"line":65,"column":1}},"1":{"start":{"line":11,"column":20},"end":{"line":11,"column":60}},"2":{"start":{"line":11,"column":43},"end":{"line":11,"column":59}},"3":{"start":{"line":13,"column":19},"end":{"line":13,"column":32}},"4":{"start":{"line":14,"column":19},"end":{"line":14,"column":32}},"5":{"start":{"line":15,"column":26},"end":{"line":17,"column":3}},"6":{"start":{"line":16,"column":4},"end":{"line":16,"column":26}},"7":{"start":{"line":20,"column":28},"end":{"line":28,"column":3}},"8":{"start":{"line":22,"column":22},"end":{"line":22,"column":31}},"9":{"start":{"line":24,"column":24},"end":{"line":24,"column":69}},"10":{"start":{"line":27,"column":4},"end":{"line":27,"column":45}},"11":{"start":{"line":36,"column":2},"end":{"line":64,"column":4}}},"fnMap":{"0":{"name":"(anonymous_0)","decl":{"start":{"line":7,"column":13},"end":{"line":7,"column":14}},"loc":{"start":{"line":7,"column":19},"end":{"line":65,"column":1}},"line":7},"1":{"name":"(anonymous_1)","decl":{"start":{"line":11,"column":32},"end":{"line":11,"column":33}},"loc":{"start":{"line":11,"column":43},"end":{"line":11,"column":59}},"line":11},"2":{"name":"(anonymous_2)","decl":{"start":{"line":15,"column":26},"end":{"line":15,"column":27}},"loc":{"start":{"line":15,"column":32},"end":{"line":17,"column":3}},"line":15},"3":{"name":"(anonymous_3)","decl":{"start":{"line":20,"column":28},"end":{"line":20,"column":29}},"loc":{"start":{"line":20,"column":34},"end":{"line":28,"column":3}},"line":20}},"branchMap":{"0":{"loc":{"start":{"line":46,"column":7},"end":{"line":51,"column":15}},"type":"binary-expr","locations":[{"start":{"line":46,"column":7},"end":{"line":46,"column":25}},{"start":{"line":46,"column":28},"end":{"line":51,"column":15}}],"line":46},"1":{"loc":{"start":{"line":53,"column":7},"end":{"line":59,"column":7}},"type":"binary-expr","locations":[{"start":{"line":53,"column":7},"end":{"line":53,"column":28}},{"start":{"line":54,"column":8},"end":{"line":58,"column":14}}],"line":53}},"s":{"0":1,"1":1,"2":2,"3":1,"4":1,"5":1,"6":0,"7":1,"8":0,"9":0,"10":0,"11":1},"f":{"0":1,"1":2,"2":0,"3":0},"b":{"0":[1,0],"1":[1,1]},"_coverageSchema":"1a1c01bbd47fc00a2c39e90264f33305004495a9","hash":"ea16c1c7c282c47946fab18d047ac3946f754ff1"}
,"C:\\Users\\Rashmi\\Documents\\React\\src\\components\\CartItem.js": {"path":"C:\\Users\\Rashmi\\Documents\\React\\src\\components\\CartItem.js","statementMap":{"0":{"start":{"line":3,"column":17},"end":{"line":34,"column":1}},"1":{"start":{"line":4,"column":2},"end":{"line":33,"column":4}},"2":{"start":{"line":7,"column":8},"end":{"line":30,"column":14}}},"fnMap":{"0":{"name":"(anonymous_0)","decl":{"start":{"line":3,"column":17},"end":{"line":3,"column":18}},"loc":{"start":{"line":3,"column":32},"end":{"line":34,"column":1}},"line":3},"1":{"name":"(anonymous_1)","decl":{"start":{"line":6,"column":17},"end":{"line":6,"column":18}},"loc":{"start":{"line":7,"column":8},"end":{"line":30,"column":14}},"line":7}},"branchMap":{"0":{"loc":{"start":{"line":17,"column":17},"end":{"line":19,"column":50}},"type":"cond-expr","locations":[{"start":{"line":18,"column":20},"end":{"line":18,"column":43}},{"start":{"line":19,"column":20},"end":{"line":19,"column":50}}],"line":17}},"s":{"0":1,"1":1,"2":0},"f":{"0":1,"1":0},"b":{"0":[0,0]},"_coverageSchema":"1a1c01bbd47fc00a2c39e90264f33305004495a9","hash":"99b2d069bcaaea0292669abf40f54cf6eaf35c35"}
,"C:\\Users\\Rashmi\\Documents\\React\\src\\components\\Contact.js": {"path":"C:\\Users\\Rashmi\\Documents\\React\\src\\components\\Contact.js","statementMap":{"0":{"start":{"line":4,"column":16},"end":{"line":113,"column":1}},"1":{"start":{"line":5,"column":15},"end":{"line":5,"column":23}},"2":{"start":{"line":6,"column":20},"end":{"line":26,"column":3}},"3":{"start":{"line":7,"column":4},"end":{"line":7,"column":23}},"4":{"start":{"line":9,"column":4},"end":{"line":25,"column":8}},"5":{"start":{"line":18,"column":10},"end":{"line":18,"column":35}},"6":{"start":{"line":19,"column":10},"end":{"line":19,"column":31}},"7":{"start":{"line":20,"column":10},"end":{"line":20,"column":37}},"8":{"start":{"line":23,"column":10},"end":{"line":23,"column":34}},"9":{"start":{"line":27,"column":2},"end":{"line":112,"column":4}}},"fnMap":{"0":{"name":"(anonymous_0)","decl":{"start":{"line":4,"column":16},"end":{"line":4,"column":17}},"loc":{"start":{"line":4,"column":22},"end":{"line":113,"column":1}},"line":4},"1":{"name":"(anonymous_1)","decl":{"start":{"line":6,"column":20},"end":{"line":6,"column":21}},"loc":{"start":{"line":6,"column":27},"end":{"line":26,"column":3}},"line":6},"2":{"name":"(anonymous_2)","decl":{"start":{"line":17,"column":8},"end":{"line":17,"column":9}},"loc":{"start":{"line":17,"column":20},"end":{"line":21,"column":9}},"line":17},"3":{"name":"(anonymous_3)","decl":{"start":{"line":22,"column":8},"end":{"line":22,"column":9}},"loc":{"start":{"line":22,"column":19},"end":{"line":24,"column":9}},"line":22}},"branchMap":{},"s":{"0":1,"1":5,"2":5,"3":0,"4":0,"5":0,"6":0,"7":0,"8":0,"9":5},"f":{"0":5,"1":0,"2":0,"3":0},"b":{},"_coverageSchema":"1a1c01bbd47fc00a2c39e90264f33305004495a9","hash":"3ce68a2a6b0dd0ab47c939370f396727e6d75a4e"}
,"C:\\Users\\Rashmi\\Documents\\React\\src\\components\\Header.js": {"path":"C:\\Users\\Rashmi\\Documents\\React\\src\\components\\Header.js","statementMap":{"0":{"start":{"line":8,"column":15},"end":{"line":75,"column":1}},"1":{"start":{"line":9,"column":42},"end":{"line":9,"column":59}},"2":{"start":{"line":10,"column":22},"end":{"line":10,"column":39}},"3":{"start":{"line":14,"column":2},"end":{"line":16,"column":21}},"4":{"start":{"line":15,"column":4},"end":{"line":15,"column":37}},"5":{"start":{"line":18,"column":27},"end":{"line":18,"column":50}},"6":{"start":{"line":21,"column":20},"end":{"line":21,"column":58}},"7":{"start":{"line":21,"column":41},"end":{"line":21,"column":57}},"8":{"start":{"line":23,"column":2},"end":{"line":23,"column":25}},"9":{"start":{"line":25,"column":2},"end":{"line":74,"column":4}},"10":{"start":{"line":63,"column":14},"end":{"line":65,"column":43}}},"fnMap":{"0":{"name":"(anonymous_0)","decl":{"start":{"line":8,"column":15},"end":{"line":8,"column":16}},"loc":{"start":{"line":8,"column":21},"end":{"line":75,"column":1}},"line":8},"1":{"name":"(anonymous_1)","decl":{"start":{"line":14,"column":12},"end":{"line":14,"column":13}},"loc":{"start":{"line":14,"column":18},"end":{"line":16,"column":3}},"line":14},"2":{"name":"(anonymous_2)","decl":{"start":{"line":21,"column":32},"end":{"line":21,"column":33}},"loc":{"start":{"line":21,"column":41},"end":{"line":21,"column":57}},"line":21},"3":{"name":"(anonymous_3)","decl":{"start":{"line":62,"column":21},"end":{"line":62,"column":22}},"loc":{"start":{"line":62,"column":27},"end":{"line":66,"column":13}},"line":62}},"branchMap":{"0":{"loc":{"start":{"line":32,"column":40},"end":{"line":32,"column":81}},"type":"cond-expr","locations":[{"start":{"line":32,"column":54},"end":{"line":32,"column":66}},{"start":{"line":32,"column":68},"end":{"line":32,"column":81}}],"line":32},"1":{"loc":{"start":{"line":63,"column":14},"end":{"line":65,"column":42}},"type":"cond-expr","locations":[{"start":{"line":64,"column":18},"end":{"line":64,"column":43}},{"start":{"line":65,"column":18},"end":{"line":65,"column":42}}],"line":63}},"s":{"0":2,"1":6,"2":6,"3":6,"4":6,"5":6,"6":6,"7":11,"8":6,"9":6,"10":1},"f":{"0":6,"1":6,"2":11,"3":1},"b":{"0":[6,0],"1":[1,0]},"_coverageSchema":"1a1c01bbd47fc00a2c39e90264f33305004495a9","hash":"725fe897974b9066cfe0157026af5385d56761d8"}
,"C:\\Users\\Rashmi\\Documents\\React\\src\\components\\ItemList.js": {"path":"C:\\Users\\Rashmi\\Documents\\React\\src\\components\\ItemList.js","statementMap":{"0":{"start":{"line":5,"column":17},"end":{"line":51,"column":1}},"1":{"start":{"line":6,"column":19},"end":{"line":6,"column":32}},"2":{"start":{"line":8,"column":24},"end":{"line":11,"column":3}},"3":{"start":{"line":10,"column":4},"end":{"line":10,"column":28}},"4":{"start":{"line":13,"column":2},"end":{"line":50,"column":4}},"5":{"start":{"line":16,"column":8},"end":{"line":47,"column":14}},"6":{"start":{"line":37,"column":31},"end":{"line":37,"column":47}}},"fnMap":{"0":{"name":"(anonymous_0)","decl":{"start":{"line":5,"column":17},"end":{"line":5,"column":18}},"loc":{"start":{"line":5,"column":32},"end":{"line":51,"column":1}},"line":5},"1":{"name":"(anonymous_1)","decl":{"start":{"line":8,"column":24},"end":{"line":8,"column":25}},"loc":{"start":{"line":8,"column":34},"end":{"line":11,"column":3}},"line":8},"2":{"name":"(anonymous_2)","decl":{"start":{"line":15,"column":17},"end":{"line":15,"column":18}},"loc":{"start":{"line":16,"column":8},"end":{"line":47,"column":14}},"line":16},"3":{"name":"(anonymous_3)","decl":{"start":{"line":37,"column":25},"end":{"line":37,"column":26}},"loc":{"start":{"line":37,"column":31},"end":{"line":37,"column":47}},"line":37}},"branchMap":{"0":{"loc":{"start":{"line":26,"column":17},"end":{"line":28,"column":50}},"type":"cond-expr","locations":[{"start":{"line":27,"column":20},"end":{"line":27,"column":43}},{"start":{"line":28,"column":20},"end":{"line":28,"column":50}}],"line":26}},"s":{"0":1,"1":0,"2":0,"3":0,"4":0,"5":0,"6":0},"f":{"0":0,"1":0,"2":0,"3":0},"b":{"0":[0,0]},"_coverageSchema":"1a1c01bbd47fc00a2c39e90264f33305004495a9","hash":"1fc1072ea5ee2fef4c77116c14dd8f660335d30e"}
,"C:\\Users\\Rashmi\\Documents\\React\\src\\components\\Offline.js": {"path":"C:\\Users\\Rashmi\\Documents\\React\\src\\components\\Offline.js","statementMap":{"0":{"start":{"line":3,"column":16},"end":{"line":15,"column":1}},"1":{"start":{"line":4,"column":15},"end":{"line":4,"column":30}},"2":{"start":{"line":5,"column":4},"end":{"line":5,"column":20}},"3":{"start":{"line":6,"column":2},"end":{"line":14,"column":4}}},"fnMap":{"0":{"name":"(anonymous_0)","decl":{"start":{"line":3,"column":16},"end":{"line":3,"column":17}},"loc":{"start":{"line":3,"column":22},"end":{"line":15,"column":1}},"line":3}},"branchMap":{},"s":{"0":1,"1":0,"2":0,"3":0},"f":{"0":0},"b":{},"_coverageSchema":"1a1c01bbd47fc00a2c39e90264f33305004495a9","hash":"d018ea72ac745d2c303d259fa7c580f6b1592853"}
,"C:\\Users\\Rashmi\\Documents\\React\\src\\components\\ResCategory.js": {"path":"C:\\Users\\Rashmi\\Documents\\React\\src\\components\\ResCategory.js","statementMap":{"0":{"start":{"line":3,"column":20},"end":{"line":25,"column":1}},"1":{"start":{"line":4,"column":22},"end":{"line":7,"column":3}},"2":{"start":{"line":5,"column":4},"end":{"line":5,"column":16}},"3":{"start":{"line":8,"column":2},"end":{"line":24,"column":4}}},"fnMap":{"0":{"name":"(anonymous_0)","decl":{"start":{"line":3,"column":20},"end":{"line":3,"column":21}},"loc":{"start":{"line":3,"column":60},"end":{"line":25,"column":1}},"line":3},"1":{"name":"(anonymous_1)","decl":{"start":{"line":4,"column":22},"end":{"line":4,"column":23}},"loc":{"start":{"line":4,"column":28},"end":{"line":7,"column":3}},"line":4}},"branchMap":{"0":{"loc":{"start":{"line":21,"column":9},"end":{"line":21,"column":61}},"type":"binary-expr","locations":[{"start":{"line":21,"column":9},"end":{"line":21,"column":18}},{"start":{"line":21,"column":22},"end":{"line":21,"column":61}}],"line":21}},"s":{"0":1,"1":0,"2":0,"3":0},"f":{"0":0,"1":0},"b":{"0":[0,0]},"_coverageSchema":"1a1c01bbd47fc00a2c39e90264f33305004495a9","hash":"d0c61d079f2ef7c626689b624536f542b4a3bfba"}
,"C:\\Users\\Rashmi\\Documents\\React\\src\\components\\RestrauntCard.js": {"path":"C:\\Users\\Rashmi\\Documents\\React\\src\\components\\RestrauntCard.js","statementMap":{"0":{"start":{"line":3,"column":22},"end":{"line":31,"column":1}},"1":{"start":{"line":4,"column":25},"end":{"line":4,"column":30}},"2":{"start":{"line":5,"column":2},"end":{"line":5,"column":26}},"3":{"start":{"line":14,"column":6},"end":{"line":14,"column":22}},"4":{"start":{"line":16,"column":2},"end":{"line":30,"column":4}},"5":{"start":{"line":36,"column":30},"end":{"line":45,"column":1}},"6":{"start":{"line":37,"column":2},"end":{"line":44,"column":4}},"7":{"start":{"line":38,"column":4},"end":{"line":43,"column":6}}},"fnMap":{"0":{"name":"(anonymous_0)","decl":{"start":{"line":3,"column":22},"end":{"line":3,"column":23}},"loc":{"start":{"line":3,"column":33},"end":{"line":31,"column":1}},"line":3},"1":{"name":"(anonymous_1)","decl":{"start":{"line":36,"column":30},"end":{"line":36,"column":31}},"loc":{"start":{"line":36,"column":49},"end":{"line":45,"column":1}},"line":36},"2":{"name":"(anonymous_2)","decl":{"start":{"line":37,"column":9},"end":{"line":37,"column":10}},"loc":{"start":{"line":37,"column":20},"end":{"line":44,"column":3}},"line":37}},"branchMap":{},"s":{"0":2,"1":1,"2":1,"3":1,"4":1,"5":2,"6":10,"7":0},"f":{"0":1,"1":10,"2":0},"b":{},"_coverageSchema":"1a1c01bbd47fc00a2c39e90264f33305004495a9","hash":"d3534e15474cb5cd492cf57b258ae1fdff572894"}
,"C:\\Users\\Rashmi\\Documents\\React\\src\\components\\RestrauntMenu.js": {"path":"C:\\Users\\Rashmi\\Documents\\React\\src\\components\\RestrauntMenu.js","statementMap":{"0":{"start":{"line":7,"column":22},"end":{"line":63,"column":1}},"1":{"start":{"line":8,"column":20},"end":{"line":8,"column":31}},"2":{"start":{"line":10,"column":18},"end":{"line":10,"column":41}},"3":{"start":{"line":11,"column":30},"end":{"line":11,"column":44}},"4":{"start":{"line":13,"column":15},"end":{"line":13,"column":22}},"5":{"start":{"line":28,"column":2},"end":{"line":28,"column":42}},"6":{"start":{"line":28,"column":23},"end":{"line":28,"column":42}},"7":{"start":{"line":30,"column":48},"end":{"line":30,"column":79}},"8":{"start":{"line":32,"column":4},"end":{"line":32,"column":79}},"9":{"start":{"line":33,"column":2},"end":{"line":33,"column":76}},"10":{"start":{"line":36,"column":4},"end":{"line":40,"column":5}},"11":{"start":{"line":38,"column":8},"end":{"line":39,"column":70}},"12":{"start":{"line":42,"column":2},"end":{"line":62,"column":4}},"13":{"start":{"line":52,"column":10},"end":{"line":58,"column":12}},"14":{"start":{"line":56,"column":29},"end":{"line":56,"column":45}}},"fnMap":{"0":{"name":"(anonymous_0)","decl":{"start":{"line":7,"column":22},"end":{"line":7,"column":23}},"loc":{"start":{"line":7,"column":28},"end":{"line":63,"column":1}},"line":7},"1":{"name":"(anonymous_1)","decl":{"start":{"line":37,"column":6},"end":{"line":37,"column":7}},"loc":{"start":{"line":38,"column":8},"end":{"line":39,"column":70}},"line":38},"2":{"name":"(anonymous_2)","decl":{"start":{"line":50,"column":23},"end":{"line":50,"column":24}},"loc":{"start":{"line":52,"column":10},"end":{"line":58,"column":12}},"line":52},"3":{"name":"(anonymous_3)","decl":{"start":{"line":56,"column":23},"end":{"line":56,"column":24}},"loc":{"start":{"line":56,"column":29},"end":{"line":56,"column":45}},"line":56}},"branchMap":{"0":{"loc":{"start":{"line":28,"column":2},"end":{"line":28,"column":42}},"type":"if","locations":[{"start":{"line":28,"column":2},"end":{"line":28,"column":42}},{"start":{},"end":{}}],"line":28},"1":{"loc":{"start":{"line":55,"column":23},"end":{"line":55,"column":53}},"type":"cond-expr","locations":[{"start":{"line":55,"column":41},"end":{"line":55,"column":45}},{"start":{"line":55,"column":48},"end":{"line":55,"column":53}}],"line":55}},"s":{"0":1,"1":2,"2":2,"3":2,"4":2,"5":2,"6":2,"7":0,"8":0,"9":0,"10":0,"11":0,"12":0,"13":0,"14":0},"f":{"0":2,"1":0,"2":0,"3":0},"b":{"0":[2,0],"1":[0,0]},"_coverageSchema":"1a1c01bbd47fc00a2c39e90264f33305004495a9","hash":"0bf4c68f44e3576e5cd286343e8a88c571fb0ce8"}
,"C:\\Users\\Rashmi\\Documents\\React\\src\\components\\Shimmer.js": {"path":"C:\\Users\\Rashmi\\Documents\\React\\src\\components\\Shimmer.js","statementMap":{"0":{"start":{"line":1,"column":14},"end":{"line":17,"column":1}},"1":{"start":{"line":3,"column":4},"end":{"line":16,"column":10}}},"fnMap":{"0":{"name":"(anonymous_0)","decl":{"start":{"line":1,"column":14},"end":{"line":1,"column":15}},"loc":{"start":{"line":1,"column":18},"end":{"line":17,"column":1}},"line":1}},"branchMap":{},"s":{"0":2,"1":4},"f":{"0":4},"b":{},"_coverageSchema":"1a1c01bbd47fc00a2c39e90264f33305004495a9","hash":"10a661636b1f97771d6db169b649c5bdeec7af79"}
,"C:\\Users\\Rashmi\\Documents\\React\\src\\components\\sum.js": {"path":"C:\\Users\\Rashmi\\Documents\\React\\src\\components\\sum.js","statementMap":{"0":{"start":{"line":1,"column":18},"end":{"line":3,"column":1}},"1":{"start":{"line":2,"column":4},"end":{"line":2,"column":15}}},"fnMap":{"0":{"name":"(anonymous_0)","decl":{"start":{"line":1,"column":18},"end":{"line":1,"column":19}},"loc":{"start":{"line":1,"column":25},"end":{"line":3,"column":1}},"line":1}},"branchMap":{},"s":{"0":1,"1":1},"f":{"0":1},"b":{},"_coverageSchema":"1a1c01bbd47fc00a2c39e90264f33305004495a9","hash":"7f8000940e7e44516ed73f8e1f65a04a4bb0b67f"}
,"C:\\Users\\Rashmi\\Documents\\React\\src\\utils\\UserContext.js": {"path":"C:\\Users\\Rashmi\\Documents\\React\\src\\utils\\UserContext.js","statementMap":{"0":{"start":{"line":3,"column":20},"end":{"line":6,"column":2}}},"fnMap":{},"branchMap":{},"s":{"0":3},"f":{},"b":{},"_coverageSchema":"1a1c01bbd47fc00a2c39e90264f33305004495a9","hash":"0413560799f0c85738cc0045c942cc0882837484"}
,"C:\\Users\\Rashmi\\Documents\\React\\src\\utils\\appStore.js": {"path":"C:\\Users\\Rashmi\\Documents\\React\\src\\utils\\appStore.js","statementMap":{"0":{"start":{"line":5,"column":17},"end":{"line":13,"column":1}}},"fnMap":{},"branchMap":{},"s":{"0":2},"f":{},"b":{},"_coverageSchema":"1a1c01bbd47fc00a2c39e90264f33305004495a9","hash":"82f79ad76e951069a6f3ae5a776e4decf9fb8dc2"}
,"C:\\Users\\Rashmi\\Documents\\React\\src\\utils\\cartSlice.js": {"path":"C:\\Users\\Rashmi\\Documents\\React\\src\\utils\\cartSlice.js","statementMap":{"0":{"start":{"line":3,"column":18},"end":{"line":31,"column":2}},"1":{"start":{"line":19,"column":12},"end":{"line":19,"column":44}},"2":{"start":{"line":22,"column":12},"end":{"line":22,"column":30}},"3":{"start":{"line":23,"column":12},"end":{"line":23,"column":40}},"4":{"start":{"line":28,"column":11},"end":{"line":28,"column":29}},"5":{"start":{"line":33,"column":45},"end":{"line":33,"column":62}}},"fnMap":{"0":{"name":"(anonymous_0)","decl":{"start":{"line":9,"column":18},"end":{"line":9,"column":19}},"loc":{"start":{"line":9,"column":34},"end":{"line":20,"column":9}},"line":9},"1":{"name":"(anonymous_1)","decl":{"start":{"line":21,"column":21},"end":{"line":21,"column":22}},"loc":{"start":{"line":21,"column":30},"end":{"line":24,"column":9}},"line":21},"2":{"name":"(anonymous_2)","decl":{"start":{"line":25,"column":20},"end":{"line":25,"column":21}},"loc":{"start":{"line":25,"column":30},"end":{"line":29,"column":9}},"line":25}},"branchMap":{},"s":{"0":2,"1":0,"2":0,"3":0,"4":0,"5":2},"f":{"0":0,"1":0,"2":0},"b":{},"_coverageSchema":"1a1c01bbd47fc00a2c39e90264f33305004495a9","hash":"18a3a653d89351e60b70604b5e6d15205dda89b7"}
,"C:\\Users\\Rashmi\\Documents\\React\\src\\utils\\constants.js": {"path":"C:\\Users\\Rashmi\\Documents\\React\\src\\utils\\constants.js","statementMap":{"0":{"start":{"line":2,"column":2},"end":{"line":2,"column":85}},"1":{"start":{"line":4,"column":23},"end":{"line":4,"column":146}}},"fnMap":{},"branchMap":{},"s":{"0":3,"1":3},"f":{},"b":{},"_coverageSchema":"1a1c01bbd47fc00a2c39e90264f33305004495a9","hash":"8015d88037d4a2c9d4df01a8e6d5a54cd0eae31c"}
,"C:\\Users\\Rashmi\\Documents\\React\\src\\utils\\orderSlice.js": {"path":"C:\\Users\\Rashmi\\Documents\\React\\src\\utils\\orderSlice.js","statementMap":{"0":{"start":{"line":3,"column":19},"end":{"line":14,"column":2}},"1":{"start":{"line":11,"column":12},"end":{"line":11,"column":45}},"2":{"start":{"line":16,"column":34},"end":{"line":16,"column":52}}},"fnMap":{"0":{"name":"(anonymous_0)","decl":{"start":{"line":9,"column":27},"end":{"line":9,"column":28}},"loc":{"start":{"line":9,"column":46},"end":{"line":12,"column":11}},"line":9}},"branchMap":{},"s":{"0":2,"1":0,"2":2},"f":{"0":0},"b":{},"_coverageSchema":"1a1c01bbd47fc00a2c39e90264f33305004495a9","hash":"43b6a9f578194fe56396712ae7c297e1a247ed82"}
,"C:\\Users\\Rashmi\\Documents\\React\\src\\utils\\useOnlineStatus.js": {"path":"C:\\Users\\Rashmi\\Documents\\React\\src\\utils\\useOnlineStatus.js","statementMap":{"0":{"start":{"line":3,"column":24},"end":{"line":17,"column":1}},"1":{"start":{"line":5,"column":42},"end":{"line":5,"column":56}},"2":{"start":{"line":6,"column":2},"end":{"line":13,"column":9}},"3":{"start":{"line":7,"column":4},"end":{"line":9,"column":7}},"4":{"start":{"line":8,"column":6},"end":{"line":8,"column":29}},"5":{"start":{"line":10,"column":4},"end":{"line":12,"column":9}},"6":{"start":{"line":11,"column":8},"end":{"line":11,"column":30}},"7":{"start":{"line":16,"column":2},"end":{"line":16,"column":22}}},"fnMap":{"0":{"name":"(anonymous_0)","decl":{"start":{"line":3,"column":24},"end":{"line":3,"column":25}},"loc":{"start":{"line":3,"column":30},"end":{"line":17,"column":1}},"line":3},"1":{"name":"(anonymous_1)","decl":{"start":{"line":6,"column":12},"end":{"line":6,"column":13}},"loc":{"start":{"line":6,"column":18},"end":{"line":13,"column":3}},"line":6},"2":{"name":"(anonymous_2)","decl":{"start":{"line":7,"column":39},"end":{"line":7,"column":40}},"loc":{"start":{"line":7,"column":45},"end":{"line":9,"column":5}},"line":7},"3":{"name":"(anonymous_3)","decl":{"start":{"line":10,"column":38},"end":{"line":10,"column":39}},"loc":{"start":{"line":10,"column":44},"end":{"line":12,"column":7}},"line":10}},"branchMap":{},"s":{"0":3,"1":6,"2":6,"3":5,"4":0,"5":5,"6":0,"7":6},"f":{"0":6,"1":5,"2":0,"3":0},"b":{},"_coverageSchema":"1a1c01bbd47fc00a2c39e90264f33305004495a9","hash":"08a2a22a326c859de5f36aa87aec46d49b0e55df"}
,"C:\\Users\\Rashmi\\Documents\\React\\src\\utils\\useRestrauntMenu.js": {"path":"C:\\Users\\Rashmi\\Documents\\React\\src\\utils\\useRestrauntMenu.js","statementMap":{"0":{"start":{"line":4,"column":25},"end":{"line":23,"column":1}},"1":{"start":{"line":7,"column":31},"end":{"line":7,"column":45}},"2":{"start":{"line":9,"column":2},"end":{"line":11,"column":9}},"3":{"start":{"line":10,"column":4},"end":{"line":10,"column":16}},"4":{"start":{"line":13,"column":18},"end":{"line":20,"column":1}},"5":{"start":{"line":14,"column":21},"end":{"line":16,"column":11}},"6":{"start":{"line":18,"column":34},"end":{"line":18,"column":55}},"7":{"start":{"line":19,"column":9},"end":{"line":19,"column":43}},"8":{"start":{"line":22,"column":2},"end":{"line":22,"column":17}}},"fnMap":{"0":{"name":"(anonymous_0)","decl":{"start":{"line":4,"column":25},"end":{"line":4,"column":26}},"loc":{"start":{"line":4,"column":36},"end":{"line":23,"column":1}},"line":4},"1":{"name":"(anonymous_1)","decl":{"start":{"line":9,"column":12},"end":{"line":9,"column":13}},"loc":{"start":{"line":9,"column":18},"end":{"line":11,"column":3}},"line":9},"2":{"name":"(anonymous_2)","decl":{"start":{"line":13,"column":18},"end":{"line":13,"column":19}},"loc":{"start":{"line":13,"column":28},"end":{"line":20,"column":1}},"line":13}},"branchMap":{},"s":{"0":1,"1":2,"2":2,"3":1,"4":2,"5":1,"6":1,"7":1,"8":2},"f":{"0":2,"1":1,"2":1},"b":{},"_coverageSchema":"1a1c01bbd47fc00a2c39e90264f33305004495a9","hash":"0e5ae50fea09f224aa6f113578ad006ad847586a"}
}
