{"C:\\Users\\Rashmi\\Documents\\React\\src\\components\\Contact.js": {"path":"C:\\Users\\Rashmi\\Documents\\React\\src\\components\\Contact.js","statementMap":{"0":{"start":{"line":4,"column":16},"end":{"line":113,"column":1}},"1":{"start":{"line":5,"column":15},"end":{"line":5,"column":23}},"2":{"start":{"line":6,"column":20},"end":{"line":26,"column":3}},"3":{"start":{"line":7,"column":4},"end":{"line":7,"column":23}},"4":{"start":{"line":9,"column":4},"end":{"line":25,"column":8}},"5":{"start":{"line":18,"column":10},"end":{"line":18,"column":35}},"6":{"start":{"line":19,"column":10},"end":{"line":19,"column":31}},"7":{"start":{"line":20,"column":10},"end":{"line":20,"column":37}},"8":{"start":{"line":23,"column":10},"end":{"line":23,"column":34}},"9":{"start":{"line":27,"column":2},"end":{"line":112,"column":4}}},"fnMap":{"0":{"name":"(anonymous_0)","decl":{"start":{"line":4,"column":16},"end":{"line":4,"column":17}},"loc":{"start":{"line":4,"column":22},"end":{"line":113,"column":1}},"line":4},"1":{"name":"(anonymous_1)","decl":{"start":{"line":6,"column":20},"end":{"line":6,"column":21}},"loc":{"start":{"line":6,"column":27},"end":{"line":26,"column":3}},"line":6},"2":{"name":"(anonymous_2)","decl":{"start":{"line":17,"column":8},"end":{"line":17,"column":9}},"loc":{"start":{"line":17,"column":20},"end":{"line":21,"column":9}},"line":17},"3":{"name":"(anonymous_3)","decl":{"start":{"line":22,"column":8},"end":{"line":22,"column":9}},"loc":{"start":{"line":22,"column":19},"end":{"line":24,"column":9}},"line":22}},"branchMap":{},"s":{"0":1,"1":3,"2":3,"3":0,"4":0,"5":0,"6":0,"7":0,"8":0,"9":3},"f":{"0":3,"1":0,"2":0,"3":0},"b":{},"_coverageSchema":"1a1c01bbd47fc00a2c39e90264f33305004495a9","hash":"3ce68a2a6b0dd0ab47c939370f396727e6d75a4e"}
,"C:\\Users\\Rashmi\\Documents\\React\\src\\components\\sum.js": {"path":"C:\\Users\\Rashmi\\Documents\\React\\src\\components\\sum.js","statementMap":{"0":{"start":{"line":1,"column":18},"end":{"line":3,"column":1}},"1":{"start":{"line":2,"column":4},"end":{"line":2,"column":15}}},"fnMap":{"0":{"name":"(anonymous_0)","decl":{"start":{"line":1,"column":18},"end":{"line":1,"column":19}},"loc":{"start":{"line":1,"column":25},"end":{"line":3,"column":1}},"line":1}},"branchMap":{},"s":{"0":1,"1":1},"f":{"0":1},"b":{},"_coverageSchema":"1a1c01bbd47fc00a2c39e90264f33305004495a9","hash":"7f8000940e7e44516ed73f8e1f65a04a4bb0b67f"}
}
